[0m2021.06.05 18:14:12 INFO  Started: Metals version 0.10.4 in workspace '/Users/wade/Documents/CS/scala-discuz/play-scalajs' for client Visual Studio Code 1.56.2.[0m
[0m2021.06.05 18:14:13 INFO  time: initialize in 1.67s[0m
[0m2021.06.05 18:14:13 WARN  Build server is not auto-connectable.[0m
[0m2021.06.05 18:14:16 INFO  running '/Library/Java/JavaVirtualMachines/jdk1.8.0_31.jdk/Contents/Home/bin/java -Djline.terminal=jline.UnsupportedTerminal -Dsbt.log.noformat=true -Dfile.encoding=UTF-8 -jar /var/folders/cz/_y8pf0fd5zl3j0xpwl3_3qt40000gn/T/metals997521892749816785/sbt-launch.jar -Dbloop.export-jar-classifiers=sources bloopInstall'[0m
[0m2021.06.05 18:14:16 WARN  no build target for: /Users/wade/Documents/CS/scala-discuz/play-scalajs/project/metals.sbt[0m
[0m2021.06.05 18:14:16 WARN  no build target for: /Users/wade/Documents/CS/scala-discuz/play-scalajs/project/project/metals.sbt[0m
[0m2021.06.05 18:14:16 INFO  skipping build import with status 'Started'[0m
[0m2021.06.05 18:14:18 INFO  [info] welcome to sbt 1.5.2 (Oracle Corporation Java 1.8.0_31)[0m
[0m2021.06.05 18:14:21 INFO  [info] loading global plugins from /Users/wade/.sbt/1.0/plugins[0m
[0m2021.06.05 18:14:22 INFO  no build target: using presentation compiler with only scala-library: 2.12.14[0m
[0m2021.06.05 18:14:25 INFO  [info] loading settings for project play-scalajs-build-build-build from metals.sbt ...[0m
[0m2021.06.05 18:14:25 INFO  [info] loading project definition from /Users/wade/Documents/CS/scala-discuz/play-scalajs/project/project/project[0m
[0m2021.06.05 18:14:28 INFO  [info] loading settings for project play-scalajs-build-build from metals.sbt ...[0m
[0m2021.06.05 18:14:28 INFO  [info] loading project definition from /Users/wade/Documents/CS/scala-discuz/play-scalajs/project/project[0m
[0m2021.06.05 18:14:30 INFO  [success] Generated .bloop/play-scalajs-build-build.json[0m
[0m2021.06.05 18:14:30 INFO  [success] Total time: 2 s, completed Jun 5, 2021 6:14:30 PM[0m
[0m2021.06.05 18:14:33 INFO  [info] loading settings for project play-scalajs-build from metals.sbt,plugins.sbt ...[0m
[0m2021.06.05 18:14:33 INFO  [info] loading project definition from /Users/wade/Documents/CS/scala-discuz/play-scalajs/project[0m
[0m2021.06.05 18:14:35 INFO  [success] Total time: 2 s, completed Jun 5, 2021 6:14:35 PM[0m
[0m2021.06.05 18:14:38 INFO  [info] loading settings for project root from build.sbt ...[0m
[0m2021.06.05 18:14:39 INFO  [info] set current project to scala-discuz (in build file:/Users/wade/Documents/CS/scala-discuz/play-scalajs/)[0m
[0m2021.06.05 18:14:40 INFO  [success] Generated .bloop/root-test.json[0m
[0m2021.06.05 18:14:40 INFO  [success] Generated .bloop/sharedJS-test.json[0m
[0m2021.06.05 18:14:40 INFO  [success] Generated .bloop/sharedJVM.json[0m
[0m2021.06.05 18:14:40 INFO  [success] Generated .bloop/client-test.json[0m
[0m2021.06.05 18:14:40 INFO  [success] Generated .bloop/client.json[0m
[0m2021.06.05 18:14:40 INFO  [success] Generated .bloop/sharedJS.json[0m
[0m2021.06.05 18:14:40 INFO  [success] Generated .bloop/root.json[0m
[0m2021.06.05 18:14:40 INFO  [success] Generated .bloop/sharedJVM-test.json[0m
[0m2021.06.05 18:14:40 INFO  [success] Generated .bloop/server.json[0m
[0m2021.06.05 18:14:40 INFO  [success] Generated .bloop/server-test.json[0m
[0m2021.06.05 18:14:40 INFO  [success] Total time: 1 s, completed Jun 5, 2021 6:14:41 PM[0m
[0m2021.06.05 18:14:40 INFO  sbt bloopInstall exit: 0[0m
[0m2021.06.05 18:14:41 INFO  time: ran 'sbt bloopInstall' in 25s[0m
[0m2021.06.05 18:14:41 INFO  Attempting to connect to the build server...[0m
Starting the bsp launcher for bloop...
Opening a bsp server connection with 'bsp --protocol local --socket /var/folders/cz/_y8pf0fd5zl3j0xpwl3_3qt40000gn/T/bsp-launcher4629658432167650188/bsp.socket'...
Waiting for the bsp connection to come up...
Waiting for the bsp connection to come up...
Waiting for the bsp connection to come up...
Waiting for the bsp connection to come up...
Waiting for the bsp connection to come up...
Waiting for the bsp connection to come up...
No server running at 127.0.0.1:8212, let's fire one...
Resolving ch.epfl.scala:bloop-frontend_2.12:1.4.8-19-4d9f966b...
Starting bloop server at 127.0.0.1:8212...
Attempting a connection to the server...
Attempting a connection to the server...
Attempting a connection to the server...
Attempting a connection to the server...
Attempting a connection to the server...
Attempting a connection to the server...
Attempting a connection to the server...
Attempting a connection to the server...
Attempting a connection to the server...
[0m[32m[D][0m Loading 10 projects from '/Users/wade/Documents/CS/scala-discuz/play-scalajs/.bloop'...
[0m[32m[D][0m Loading project from '/Users/wade/Documents/CS/scala-discuz/play-scalajs/.bloop/client-test.json'
[0m[32m[D][0m Loading project from '/Users/wade/Documents/CS/scala-discuz/play-scalajs/.bloop/root-test.json'
[0m[32m[D][0m Loading project from '/Users/wade/Documents/CS/scala-discuz/play-scalajs/.bloop/server-test.json'
[0m[32m[D][0m Loading project from '/Users/wade/Documents/CS/scala-discuz/play-scalajs/.bloop/sharedJVM.json'
[0m[32m[D][0m Loading project from '/Users/wade/Documents/CS/scala-discuz/play-scalajs/.bloop/client.json'
[0m[32m[D][0m Loading project from '/Users/wade/Documents/CS/scala-discuz/play-scalajs/.bloop/sharedJS-test.json'
[0m[32m[D][0m Loading project from '/Users/wade/Documents/CS/scala-discuz/play-scalajs/.bloop/sharedJS.json'
[0m[32m[D][0m Loading project from '/Users/wade/Documents/CS/scala-discuz/play-scalajs/.bloop/root.json'
[0m[32m[D][0m Loading project from '/Users/wade/Documents/CS/scala-discuz/play-scalajs/.bloop/server.json'
[0m[32m[D][0m Loading project from '/Users/wade/Documents/CS/scala-discuz/play-scalajs/.bloop/sharedJVM-test.json'
[0m[32m[D][0m Cache miss for scala instance org.scala-lang:scala-compiler:2.13.5.
[0m[32m[D][0m   => /Users/wade/Library/Caches/Coursier/v1/https/repo1.maven.org/maven2/net/java/dev/jna/jna/5.3.1/jna-5.3.1.jar
[0m[32m[D][0m   => /Users/wade/Library/Caches/Coursier/v1/https/repo1.maven.org/maven2/org/jline/jline/3.19.0/jline-3.19.0.jar
[0m[32m[D][0m   => /Users/wade/Library/Caches/Coursier/v1/https/repo1.maven.org/maven2/org/scala-lang/scala-compiler/2.13.5/scala-compiler-2.13.5.jar
[0m[32m[D][0m   => /Users/wade/Library/Caches/Coursier/v1/https/repo1.maven.org/maven2/org/scala-lang/scala-library/2.13.5/scala-library-2.13.5.jar
[0m[32m[D][0m   => /Users/wade/Library/Caches/Coursier/v1/https/repo1.maven.org/maven2/org/scala-lang/scala-reflect/2.13.5/scala-reflect-2.13.5.jar
[0m[32m[D][0m Resolving platform artifacts: List(Artifact(ch.epfl.scala,bloop-js-bridge-1_2.12,1.4.8-19-4d9f966b), Artifact(org.scala-js,scalajs-sbt-test-adapter_2.12,1.5.1), Artifact(org.scala-js,scalajs-js-envs_2.12,1.1.1), Artifact(org.scala-js,scalajs-linker_2.12,1.5.1), Artifact(org.scala-js,scalajs-env-nodejs_2.12,1.1.1), Artifact(org.scala-js,scalajs-env-jsdom-nodejs_2.12,1.1.0), Artifact(org.scala-js,scalajs-logging_2.12,1.1.1))
[0m[32m[D][0m Resolving ch.epfl.scala:bloop-js-bridge-1_2.12:1.4.8-19-4d9f966b
[0m[32m[D][0m Resolving org.scala-js:scalajs-sbt-test-adapter_2.12:1.5.1
[0m[32m[D][0m Resolving org.scala-js:scalajs-js-envs_2.12:1.1.1
[0m[32m[D][0m Resolving org.scala-js:scalajs-linker_2.12:1.5.1
[0m[32m[D][0m Resolving org.scala-js:scalajs-env-nodejs_2.12:1.1.1
[0m[32m[D][0m Resolving org.scala-js:scalajs-env-jsdom-nodejs_2.12:1.1.0
[0m[32m[D][0m Resolving org.scala-js:scalajs-logging_2.12:1.1.1
[0m[32m[D][0m Missing analysis file for project 'sharedJS'
[0m[32m[D][0m Missing analysis file for project 'sharedJS-test'
[0m[32m[D][0m Missing analysis file for project 'client'
[0m[32m[D][0m Missing analysis file for project 'client-test'
[0m[32m[D][0m Missing analysis file for project 'root'
[0m[32m[D][0m Missing analysis file for project 'server-test'
[0m[32m[D][0m Missing analysis file for project 'sharedJVM-test'
[0m[32m[D][0m Missing analysis file for project 'sharedJVM'
[0m[32m[D][0m Missing analysis file for project 'root-test'
[0m[32m[D][0m Missing analysis file for project 'server'
[0m[32m[D][0m Waiting for a connection at local:///var/folders/cz/_y8pf0fd5zl3j0xpwl3_3qt40000gn/T/bsp-launcher4629658432167650188/bsp.socket...
The server is listening for incoming connections at local:///var/folders/cz/_y8pf0fd5zl3j0xpwl3_3qt40000gn/T/bsp-launcher4629658432167650188/bsp.socket...
Starting thread that pumps stdin and redirects it to the bsp server...
Starting thread that pumps server stdout and redirects it to the client stdout...
[0m2021.06.05 18:14:47 INFO  tracing is disabled for protocol BSP, to enable tracing of incoming and outgoing JSON messages create an empty file at /Users/wade/Library/Caches/org.scalameta.metals/bsp.trace.json[0m
[0m2021.06.05 18:15:02 INFO  Attempting to connect to the build server...[0m
Starting the bsp launcher for bloop...
Opening a bsp server connection with 'bsp --protocol local --socket /var/folders/cz/_y8pf0fd5zl3j0xpwl3_3qt40000gn/T/bsp-launcher5007932557177656778/bsp.socket'...
[0m2021.06.05 18:15:02 INFO  Attempting to connect to the build server...Waiting for the bsp connection to come up...[0m

Starting the bsp launcher for bloop...
Opening a bsp server connection with 'bsp --protocol local --socket /var/folders/cz/_y8pf0fd5zl3j0xpwl3_3qt40000gn/T/bsp-launcher1214036273639446296/bsp.socket'...
Waiting for the bsp connection to come up...
[0m[32m[D][0m Loading workspace settings from bloop.settings.json
[0m[32m[D][0m Waiting for a connection at local:///var/folders/cz/_y8pf0fd5zl3j0xpwl3_3qt40000gn/T/bsp-launcher5007932557177656778/bsp.socket...
The server is listening for incoming connections at local:///var/folders/cz/_y8pf0fd5zl3j0xpwl3_3qt40000gn/T/bsp-launcher5007932557177656778/bsp.socket...
[0m[32m[D][0m Loading workspace settings from bloop.settings.json
[0m[32m[D][0m Waiting for a connection at local:///var/folders/cz/_y8pf0fd5zl3j0xpwl3_3qt40000gn/T/bsp-launcher1214036273639446296/bsp.socket...
The server is listening for incoming connections at local:///var/folders/cz/_y8pf0fd5zl3j0xpwl3_3qt40000gn/T/bsp-launcher1214036273639446296/bsp.socket...
Starting thread that pumps stdin and redirects it to the bsp server...
Starting thread that pumps stdin and redirects it to the bsp server...
Starting thread that pumps server stdout and redirects it to the client stdout...
Starting thread that pumps server stdout and redirects it to the client stdout...
[0m2021.06.05 18:15:02 INFO  tracing is disabled for protocol BSP, to enable tracing of incoming and outgoing JSON messages create an empty file at /Users/wade/Library/Caches/org.scalameta.metals/bsp.trace.json[0m
[0m2021.06.05 18:15:02 INFO  tracing is disabled for protocol BSP, to enable tracing of incoming and outgoing JSON messages create an empty file at /Users/wade/Library/Caches/org.scalameta.metals/bsp.trace.json[0m
No more data in the client stdin, exiting...
[0m2021.06.05 18:15:22 ERROR Timeout waiting for 'build/initialize' response[0m
[0m2021.06.05 18:15:22 WARN  Retrying connection to the build server Bloop[0m
Starting the bsp launcher for bloop...
Opening a bsp server connection with 'bsp --protocol local --socket /var/folders/cz/_y8pf0fd5zl3j0xpwl3_3qt40000gn/T/bsp-launcher4135349041710063189/bsp.socket'...
Waiting for the bsp connection to come up...
[0m[32m[D][0m Loading workspace settings from bloop.settings.json
[0m[32m[D][0m Waiting for a connection at local:///var/folders/cz/_y8pf0fd5zl3j0xpwl3_3qt40000gn/T/bsp-launcher4135349041710063189/bsp.socket...
The server is listening for incoming connections at local:///var/folders/cz/_y8pf0fd5zl3j0xpwl3_3qt40000gn/T/bsp-launcher4135349041710063189/bsp.socket...
Starting thread that pumps stdin and redirects it to the bsp server...
Starting thread that pumps server stdout and redirects it to the client stdout...
[0m2021.06.05 18:15:22 INFO  tracing is disabled for protocol BSP, to enable tracing of incoming and outgoing JSON messages create an empty file at /Users/wade/Library/Caches/org.scalameta.metals/bsp.trace.json[0m
[0m2021.06.05 18:15:22 INFO  time: Connected to build server in 40s[0m
[0m2021.06.05 18:15:22 INFO  Connected to Build server: Bloop v1.4.8-19-4d9f966b[0m
[0m2021.06.05 18:15:22 INFO  time: Imported build in 0.15s[0m
[0m2021.06.05 18:15:29 INFO  time: indexed workspace in 7.25s[0m
[0m2021.06.05 18:15:31 ERROR Referring to non-existent class org.scalajs.testing.bridge.Bridge[0m
[0m2021.06.05 18:15:31 ERROR   called from core module module initializers[0m
[0m2021.06.05 18:15:31 ERROR Referring to non-existent method static org.scalajs.testing.bridge.Bridge.start()void[0m
[0m2021.06.05 18:15:31 ERROR   called from core module module initializers[0m
[0m2021.06.05 18:15:31 ERROR JavaScript linking failed with 'There were linking errors'[0m
[0m2021.06.05 18:15:31 ERROR Referring to non-existent class org.scalajs.testing.bridge.Bridge[0m
[0m2021.06.05 18:15:31 ERROR   called from core module module initializers[0m
[0m2021.06.05 18:15:31 ERROR Referring to non-existent method static org.scalajs.testing.bridge.Bridge.start()void[0m
[0m2021.06.05 18:15:31 ERROR   called from core module module initializers[0m
[0m2021.06.05 18:15:31 ERROR JavaScript linking failed with 'There were linking errors'[0m
[0m2021.06.05 18:15:33 INFO  Generated JavaScript file '/Users/wade/Documents/CS/scala-discuz/play-scalajs/.bloop/client/client-test.js'[0m
[0m2021.06.05 18:15:35 INFO  Generated JavaScript file '/Users/wade/Documents/CS/scala-discuz/play-scalajs/.bloop/sharedJS/sharedJS-test.js'[0m
